# JRE version: Java(TM) SE Runtime Environment (8.0_45-b15) (build 1.8.0_45-b15)
# Java VM: Java HotSpot(TM) 64-Bit Server VM (25.45-b02 mixed mode windows-amd64 compressed oops)
Heap:
 PSYoungGen      total 110080K, used 72868K [0x00000000f5580000, 0x00000000fd100000, 0x0000000100000000)
  eden space 93696K, 77% used [0x00000000f5580000,0x00000000f9ca9370,0x00000000fb100000)
  from space 16384K, 0% used [0x00000000fc100000,0x00000000fc100000,0x00000000fd100000)
  to   space 16384K, 0% used [0x00000000fb100000,0x00000000fb100000,0x00000000fc100000)
 ParOldGen       total 70656K, used 50744K [0x00000000e0000000, 0x00000000e4500000, 0x00000000f5580000)
  object space 70656K, 71% used [0x00000000e0000000,0x00000000e318e028,0x00000000e4500000)
 Metaspace       used 79432K, capacity 85580K, committed 85632K, reserved 1122304K
  class space    used 9894K, capacity 11864K, committed 11904K, reserved 1048576K
GC Heap History (10 events):
Event: 33.638 GC heap before
{Heap before GC invocations=18 (full 3):
 PSYoungGen      total 73216K, used 69809K [0x00000000f5580000, 0x00000000fb280000, 0x0000000100000000)
  eden space 59392K, 100% used [0x00000000f5580000,0x00000000f8f80000,0x00000000f8f80000)
  from space 13824K, 75% used [0x00000000fa500000,0x00000000faf2c5e0,0x00000000fb280000)
  to   space 17920K, 0% used [0x00000000f8f80000,0x00000000f8f80000,0x00000000fa100000)
 ParOldGen       total 70656K, used 32145K [0x00000000e0000000, 0x00000000e4500000, 0x00000000f5580000)
  object space 70656K, 45% used [0x00000000e0000000,0x00000000e1f64490,0x00000000e4500000)
 Metaspace       used 64481K, capacity 69852K, committed 70016K, reserved 1110016K
  class space    used 8030K, capacity 9582K, committed 9600K, reserved 1048576K
Event: 33.652 GC heap after
Heap after GC invocations=18 (full 3):
 PSYoungGen      total 77312K, used 9897K [0x00000000f5580000, 0x00000000fc680000, 0x0000000100000000)
  eden space 59392K, 0% used [0x00000000f5580000,0x00000000f5580000,0x00000000f8f80000)
  from space 17920K, 55% used [0x00000000f8f80000,0x00000000f992a528,0x00000000fa100000)
  to   space 17408K, 0% used [0x00000000fb580000,0x00000000fb580000,0x00000000fc680000)
 ParOldGen       total 70656K, used 35963K [0x00000000e0000000, 0x00000000e4500000, 0x00000000f5580000)
  object space 70656K, 50% used [0x00000000e0000000,0x00000000e231ed88,0x00000000e4500000)
 Metaspace       used 64481K, capacity 69852K, committed 70016K, reserved 1110016K
  class space    used 8030K, capacity 9582K, committed 9600K, reserved 1048576K
}
Event: 40.326 GC heap before
{Heap before GC invocations=19 (full 3):
 PSYoungGen      total 77312K, used 69289K [0x00000000f5580000, 0x00000000fc680000, 0x0000000100000000)
  eden space 59392K, 100% used [0x00000000f5580000,0x00000000f8f80000,0x00000000f8f80000)
  from space 17920K, 55% used [0x00000000f8f80000,0x00000000f992a528,0x00000000fa100000)
  to   space 17408K, 0% used [0x00000000fb580000,0x00000000fb580000,0x00000000fc680000)
 ParOldGen       total 70656K, used 35963K [0x00000000e0000000, 0x00000000e4500000, 0x00000000f5580000)
  object space 70656K, 50% used [0x00000000e0000000,0x00000000e231ed88,0x00000000e4500000)
 Metaspace       used 71346K, capacity 77074K, committed 77184K, reserved 1116160K
  class space    used 8875K, capacity 10583K, committed 10624K, reserved 1048576K
Event: 40.346 GC heap after
Heap after GC invocations=19 (full 3):
 PSYoungGen      total 93184K, used 9754K [0x00000000f5580000, 0x00000000fc380000, 0x0000000100000000)
  eden space 78848K, 0% used [0x00000000f5580000,0x00000000f5580000,0x00000000fa280000)
  from space 14336K, 68% used [0x00000000fb580000,0x00000000fbf06820,0x00000000fc380000)
  to   space 16896K, 0% used [0x00000000fa280000,0x00000000fa280000,0x00000000fb300000)
 ParOldGen       total 70656K, used 42278K [0x00000000e0000000, 0x00000000e4500000, 0x00000000f5580000)
  object space 70656K, 59% used [0x00000000e0000000,0x00000000e29498b8,0x00000000e4500000)
 Metaspace       used 71346K, capacity 77074K, committed 77184K, reserved 1116160K
  class space    used 8875K, capacity 10583K, committed 10624K, reserved 1048576K
}
Event: 50.000 GC heap before
{Heap before GC invocations=20 (full 3):
 PSYoungGen      total 93184K, used 88602K [0x00000000f5580000, 0x00000000fc380000, 0x0000000100000000)
  eden space 78848K, 100% used [0x00000000f5580000,0x00000000fa280000,0x00000000fa280000)
  from space 14336K, 68% used [0x00000000fb580000,0x00000000fbf06820,0x00000000fc380000)
  to   space 16896K, 0% used [0x00000000fa280000,0x00000000fa280000,0x00000000fb300000)
 ParOldGen       total 70656K, used 42278K [0x00000000e0000000, 0x00000000e4500000, 0x00000000f5580000)
  object space 70656K, 59% used [0x00000000e0000000,0x00000000e29498b8,0x00000000e4500000)
 Metaspace       used 76308K, capacity 82168K, committed 82432K, reserved 1120256K
  class space    used 9517K, capacity 11412K, committed 11520K, reserved 1048576K
Event: 50.012 GC heap after
Heap after GC invocations=20 (full 3):
 PSYoungGen      total 95744K, used 9099K [0x00000000f5580000, 0x00000000fd100000, 0x0000000100000000)
  eden space 78848K, 0% used [0x00000000f5580000,0x00000000f5580000,0x00000000fa280000)
  from space 16896K, 53% used [0x00000000fa280000,0x00000000fab62cd8,0x00000000fb300000)
  to   space 16384K, 0% used [0x00000000fc100000,0x00000000fc100000,0x00000000fd100000)
 ParOldGen       total 70656K, used 45925K [0x00000000e0000000, 0x00000000e4500000, 0x00000000f5580000)
  object space 70656K, 64% used [0x00000000e0000000,0x00000000e2cd96f8,0x00000000e4500000)
 Metaspace       used 76308K, capacity 82168K, committed 82432K, reserved 1120256K
  class space    used 9517K, capacity 11412K, committed 11520K, reserved 1048576K
}
Event: 77.122 GC heap before
{Heap before GC invocations=21 (full 3):
 PSYoungGen      total 95744K, used 27678K [0x00000000f5580000, 0x00000000fd100000, 0x0000000100000000)
  eden space 78848K, 23% used [0x00000000f5580000,0x00000000f67a4c00,0x00000000fa280000)
  from space 16896K, 53% used [0x00000000fa280000,0x00000000fab62cd8,0x00000000fb300000)
  to   space 16384K, 0% used [0x00000000fc100000,0x00000000fc100000,0x00000000fd100000)
 ParOldGen       total 70656K, used 45925K [0x00000000e0000000, 0x00000000e4500000, 0x00000000f5580000)
  object space 70656K, 64% used [0x00000000e0000000,0x00000000e2cd96f8,0x00000000e4500000)
 Metaspace       used 77668K, capacity 83718K, committed 83968K, reserved 1122304K
  class space    used 9738K, capacity 11670K, committed 11776K, reserved 1048576K
Event: 77.133 GC heap after
Heap after GC invocations=21 (full 3):
 PSYoungGen      total 110080K, used 6066K [0x00000000f5580000, 0x00000000fd100000, 0x0000000100000000)
  eden space 93696K, 0% used [0x00000000f5580000,0x00000000f5580000,0x00000000fb100000)
  from space 16384K, 37% used [0x00000000fc100000,0x00000000fc6ecaa0,0x00000000fd100000)
  to   space 16384K, 0% used [0x00000000fb100000,0x00000000fb100000,0x00000000fc100000)
 ParOldGen       total 70656K, used 45933K [0x00000000e0000000, 0x00000000e4500000, 0x00000000f5580000)
  object space 70656K, 65% used [0x00000000e0000000,0x00000000e2cdb6f8,0x00000000e4500000)
 Metaspace       used 77668K, capacity 83718K, committed 83968K, reserved 1122304K
  class space    used 9738K, capacity 11670K, committed 11776K, reserved 1048576K
}
Event: 77.133 GC heap before
{Heap before GC invocations=22 (full 4):
 PSYoungGen      total 110080K, used 6066K [0x00000000f5580000, 0x00000000fd100000, 0x0000000100000000)
  eden space 93696K, 0% used [0x00000000f5580000,0x00000000f5580000,0x00000000fb100000)
  from space 16384K, 37% used [0x00000000fc100000,0x00000000fc6ecaa0,0x00000000fd100000)
  to   space 16384K, 0% used [0x00000000fb100000,0x00000000fb100000,0x00000000fc100000)
 ParOldGen       total 70656K, used 45933K [0x00000000e0000000, 0x00000000e4500000, 0x00000000f5580000)
  object space 70656K, 65% used [0x00000000e0000000,0x00000000e2cdb6f8,0x00000000e4500000)
 Metaspace       used 77668K, capacity 83718K, committed 83968K, reserved 1122304K
  class space    used 9738K, capacity 11670K, committed 11776K, reserved 1048576K
Event: 77.572 GC heap after
Heap after GC invocations=22 (full 4):
 PSYoungGen      total 110080K, used 0K [0x00000000f5580000, 0x00000000fd100000, 0x0000000100000000)
  eden space 93696K, 0% used [0x00000000f5580000,0x00000000f5580000,0x00000000fb100000)
  from space 16384K, 0% used [0x00000000fc100000,0x00000000fc100000,0x00000000fd100000)
  to   space 16384K, 0% used [0x00000000fb100000,0x00000000fb100000,0x00000000fc100000)
 ParOldGen       total 70656K, used 50744K [0x00000000e0000000, 0x00000000e4500000, 0x00000000f5580000)
  object space 70656K, 71% used [0x00000000e0000000,0x00000000e318e028,0x00000000e4500000)
 Metaspace       used 77668K, capacity 83718K, committed 83968K, reserved 1122304K
  class space    used 9738K, capacity 11670K, committed 11776K, reserved 1048576K
}

