# JRE version: Java(TM) SE Runtime Environment (8.0_45-b15) (build 1.8.0_45-b15)
# Java VM: Java HotSpot(TM) 64-Bit Server VM (25.45-b02 mixed mode windows-amd64 compressed oops)
Heap:
 PSYoungGen      total 128000K, used 92110K [0x00000000f5580000, 0x00000000fdf80000, 0x0000000100000000)
  eden space 116736K, 75% used [0x00000000f5580000,0x00000000fab00fb8,0x00000000fc780000)
  from space 11264K, 40% used [0x00000000fc780000,0x00000000fcbf2aa0,0x00000000fd280000)
  to   space 11264K, 0% used [0x00000000fd480000,0x00000000fd480000,0x00000000fdf80000)
 ParOldGen       total 121856K, used 110519K [0x00000000e0000000, 0x00000000e7700000, 0x00000000f5580000)
  object space 121856K, 90% used [0x00000000e0000000,0x00000000e6bedf58,0x00000000e7700000)
 Metaspace       used 111362K, capacity 118956K, committed 119040K, reserved 1153024K
  class space    used 12966K, capacity 15337K, committed 15360K, reserved 1048576K
GC Heap History (10 events):
Event: 10793.073 GC heap before
{Heap before GC invocations=325 (full 12):
 PSYoungGen      total 124928K, used 122423K [0x00000000f5580000, 0x00000000fda00000, 0x0000000100000000)
  eden space 114176K, 100% used [0x00000000f5580000,0x00000000fc500000,0x00000000fc500000)
  from space 10752K, 76% used [0x00000000fcf80000,0x00000000fd78ddf0,0x00000000fda00000)
  to   space 10752K, 0% used [0x00000000fc500000,0x00000000fc500000,0x00000000fcf80000)
 ParOldGen       total 121856K, used 105381K [0x00000000e0000000, 0x00000000e7700000, 0x00000000f5580000)
  object space 121856K, 86% used [0x00000000e0000000,0x00000000e66e97c8,0x00000000e7700000)
 Metaspace       used 110714K, capacity 118374K, committed 118528K, reserved 1153024K
  class space    used 12906K, capacity 15272K, committed 15360K, reserved 1048576K
Event: 10793.085 GC heap after
Heap after GC invocations=325 (full 12):
 PSYoungGen      total 124928K, used 7127K [0x00000000f5580000, 0x00000000fdb80000, 0x0000000100000000)
  eden space 114176K, 0% used [0x00000000f5580000,0x00000000f5580000,0x00000000fc500000)
  from space 10752K, 66% used [0x00000000fc500000,0x00000000fcbf5e20,0x00000000fcf80000)
  to   space 10752K, 0% used [0x00000000fd100000,0x00000000fd100000,0x00000000fdb80000)
 ParOldGen       total 121856K, used 106069K [0x00000000e0000000, 0x00000000e7700000, 0x00000000f5580000)
  object space 121856K, 87% used [0x00000000e0000000,0x00000000e67957c8,0x00000000e7700000)
 Metaspace       used 110714K, capacity 118374K, committed 118528K, reserved 1153024K
  class space    used 12906K, capacity 15272K, committed 15360K, reserved 1048576K
}
Event: 10810.510 GC heap before
{Heap before GC invocations=326 (full 12):
 PSYoungGen      total 124928K, used 121303K [0x00000000f5580000, 0x00000000fdb80000, 0x0000000100000000)
  eden space 114176K, 100% used [0x00000000f5580000,0x00000000fc500000,0x00000000fc500000)
  from space 10752K, 66% used [0x00000000fc500000,0x00000000fcbf5e20,0x00000000fcf80000)
  to   space 10752K, 0% used [0x00000000fd100000,0x00000000fd100000,0x00000000fdb80000)
 ParOldGen       total 121856K, used 106069K [0x00000000e0000000, 0x00000000e7700000, 0x00000000f5580000)
  object space 121856K, 87% used [0x00000000e0000000,0x00000000e67957c8,0x00000000e7700000)
 Metaspace       used 110744K, capacity 118374K, committed 118528K, reserved 1153024K
  class space    used 12906K, capacity 15272K, committed 15360K, reserved 1048576K
Event: 10810.519 GC heap after
Heap after GC invocations=326 (full 12):
 PSYoungGen      total 126464K, used 5664K [0x00000000f5580000, 0x00000000fdb80000, 0x0000000100000000)
  eden space 115712K, 0% used [0x00000000f5580000,0x00000000f5580000,0x00000000fc680000)
  from space 10752K, 52% used [0x00000000fd100000,0x00000000fd688050,0x00000000fdb80000)
  to   space 10752K, 0% used [0x00000000fc680000,0x00000000fc680000,0x00000000fd100000)
 ParOldGen       total 121856K, used 107279K [0x00000000e0000000, 0x00000000e7700000, 0x00000000f5580000)
  object space 121856K, 88% used [0x00000000e0000000,0x00000000e68c3ef0,0x00000000e7700000)
 Metaspace       used 110744K, capacity 118374K, committed 118528K, reserved 1153024K
  class space    used 12906K, capacity 15272K, committed 15360K, reserved 1048576K
}
Event: 10852.998 GC heap before
{Heap before GC invocations=327 (full 12):
 PSYoungGen      total 126464K, used 121376K [0x00000000f5580000, 0x00000000fdb80000, 0x0000000100000000)
  eden space 115712K, 100% used [0x00000000f5580000,0x00000000fc680000,0x00000000fc680000)
  from space 10752K, 52% used [0x00000000fd100000,0x00000000fd688050,0x00000000fdb80000)
  to   space 10752K, 0% used [0x00000000fc680000,0x00000000fc680000,0x00000000fd100000)
 ParOldGen       total 121856K, used 107279K [0x00000000e0000000, 0x00000000e7700000, 0x00000000f5580000)
  object space 121856K, 88% used [0x00000000e0000000,0x00000000e68c3ef0,0x00000000e7700000)
 Metaspace       used 110763K, capacity 118374K, committed 118528K, reserved 1153024K
  class space    used 12907K, capacity 15272K, committed 15360K, reserved 1048576K
Event: 10853.009 GC heap after
Heap after GC invocations=327 (full 12):
 PSYoungGen      total 126464K, used 6922K [0x00000000f5580000, 0x00000000fdd00000, 0x0000000100000000)
  eden space 115712K, 0% used [0x00000000f5580000,0x00000000f5580000,0x00000000fc680000)
  from space 10752K, 64% used [0x00000000fc680000,0x00000000fcd42960,0x00000000fd100000)
  to   space 10752K, 0% used [0x00000000fd280000,0x00000000fd280000,0x00000000fdd00000)
 ParOldGen       total 121856K, used 107863K [0x00000000e0000000, 0x00000000e7700000, 0x00000000f5580000)
  object space 121856K, 88% used [0x00000000e0000000,0x00000000e6955ef0,0x00000000e7700000)
 Metaspace       used 110763K, capacity 118374K, committed 118528K, reserved 1153024K
  class space    used 12907K, capacity 15272K, committed 15360K, reserved 1048576K
}
Event: 10929.800 GC heap before
{Heap before GC invocations=328 (full 12):
 PSYoungGen      total 126464K, used 122634K [0x00000000f5580000, 0x00000000fdd00000, 0x0000000100000000)
  eden space 115712K, 100% used [0x00000000f5580000,0x00000000fc680000,0x00000000fc680000)
  from space 10752K, 64% used [0x00000000fc680000,0x00000000fcd42960,0x00000000fd100000)
  to   space 10752K, 0% used [0x00000000fd280000,0x00000000fd280000,0x00000000fdd00000)
 ParOldGen       total 121856K, used 107863K [0x00000000e0000000, 0x00000000e7700000, 0x00000000f5580000)
  object space 121856K, 88% used [0x00000000e0000000,0x00000000e6955ef0,0x00000000e7700000)
 Metaspace       used 110775K, capacity 118380K, committed 118528K, reserved 1153024K
  class space    used 12907K, capacity 15273K, committed 15360K, reserved 1048576K
Event: 10929.810 GC heap after
Heap after GC invocations=328 (full 12):
 PSYoungGen      total 127488K, used 4228K [0x00000000f5580000, 0x00000000fdd80000, 0x0000000100000000)
  eden space 116736K, 0% used [0x00000000f5580000,0x00000000f5580000,0x00000000fc780000)
  from space 10752K, 39% used [0x00000000fd280000,0x00000000fd6a1098,0x00000000fdd00000)
  to   space 11264K, 0% used [0x00000000fc780000,0x00000000fc780000,0x00000000fd280000)
 ParOldGen       total 121856K, used 110088K [0x00000000e0000000, 0x00000000e7700000, 0x00000000f5580000)
  object space 121856K, 90% used [0x00000000e0000000,0x00000000e6b82328,0x00000000e7700000)
 Metaspace       used 110775K, capacity 118380K, committed 118528K, reserved 1153024K
  class space    used 12907K, capacity 15273K, committed 15360K, reserved 1048576K
}
Event: 10933.207 GC heap before
{Heap before GC invocations=329 (full 12):
 PSYoungGen      total 127488K, used 120964K [0x00000000f5580000, 0x00000000fdd80000, 0x0000000100000000)
  eden space 116736K, 100% used [0x00000000f5580000,0x00000000fc780000,0x00000000fc780000)
  from space 10752K, 39% used [0x00000000fd280000,0x00000000fd6a1098,0x00000000fdd00000)
  to   space 11264K, 0% used [0x00000000fc780000,0x00000000fc780000,0x00000000fd280000)
 ParOldGen       total 121856K, used 110088K [0x00000000e0000000, 0x00000000e7700000, 0x00000000f5580000)
  object space 121856K, 90% used [0x00000000e0000000,0x00000000e6b82328,0x00000000e7700000)
 Metaspace       used 110854K, capacity 118508K, committed 118784K, reserved 1153024K
  class space    used 12912K, capacity 15273K, committed 15360K, reserved 1048576K
Event: 10933.213 GC heap after
Heap after GC invocations=329 (full 12):
 PSYoungGen      total 128000K, used 4554K [0x00000000f5580000, 0x00000000fdf80000, 0x0000000100000000)
  eden space 116736K, 0% used [0x00000000f5580000,0x00000000f5580000,0x00000000fc780000)
  from space 11264K, 40% used [0x00000000fc780000,0x00000000fcbf2aa0,0x00000000fd280000)
  to   space 11264K, 0% used [0x00000000fd480000,0x00000000fd480000,0x00000000fdf80000)
 ParOldGen       total 121856K, used 110519K [0x00000000e0000000, 0x00000000e7700000, 0x00000000f5580000)
  object space 121856K, 90% used [0x00000000e0000000,0x00000000e6bedf58,0x00000000e7700000)
 Metaspace       used 110854K, capacity 118508K, committed 118784K, reserved 1153024K
  class space    used 12912K, capacity 15273K, committed 15360K, reserved 1048576K
}

