# JRE version: Java(TM) SE Runtime Environment (8.0_45-b15) (build 1.8.0_45-b15)
# Java VM: Java HotSpot(TM) 64-Bit Server VM (25.45-b02 mixed mode windows-amd64 compressed oops)
Heap:
 PSYoungGen      total 117248K, used 55929K [0x00000000f5580000, 0x00000000fd600000, 0x0000000100000000)
  eden space 103424K, 44% used [0x00000000f5580000,0x00000000f82b00e0,0x00000000fba80000)
  from space 13824K, 69% used [0x00000000fba80000,0x00000000fc3ee558,0x00000000fc800000)
  to   space 13824K, 0% used [0x00000000fc880000,0x00000000fc880000,0x00000000fd600000)
 ParOldGen       total 125952K, used 89026K [0x00000000e0000000, 0x00000000e7b00000, 0x00000000f5580000)
  object space 125952K, 70% used [0x00000000e0000000,0x00000000e56f0a38,0x00000000e7b00000)
 Metaspace       used 104883K, capacity 111882K, committed 112256K, reserved 1146880K
  class space    used 11979K, capacity 14108K, committed 14208K, reserved 1048576K
GC Heap History (10 events):
Event: 8768.857 GC heap before
{Heap before GC invocations=362 (full 5):
 PSYoungGen      total 114688K, used 112417K [0x00000000f5580000, 0x00000000fd280000, 0x0000000100000000)
  eden space 102912K, 100% used [0x00000000f5580000,0x00000000fba00000,0x00000000fba00000)
  from space 11776K, 80% used [0x00000000fc600000,0x00000000fcf48448,0x00000000fd180000)
  to   space 12288K, 0% used [0x00000000fba00000,0x00000000fba00000,0x00000000fc600000)
 ParOldGen       total 125952K, used 88172K [0x00000000e0000000, 0x00000000e7b00000, 0x00000000f5580000)
  object space 125952K, 70% used [0x00000000e0000000,0x00000000e561b368,0x00000000e7b00000)
 Metaspace       used 104228K, capacity 111320K, committed 111616K, reserved 1146880K
  class space    used 11923K, capacity 14073K, committed 14080K, reserved 1048576K
Event: 8768.868 GC heap after
Heap after GC invocations=362 (full 5):
 PSYoungGen      total 115200K, used 9392K [0x00000000f5580000, 0x00000000fd380000, 0x0000000100000000)
  eden space 102912K, 0% used [0x00000000f5580000,0x00000000f5580000,0x00000000fba00000)
  from space 12288K, 76% used [0x00000000fba00000,0x00000000fc32c2e0,0x00000000fc600000)
  to   space 12800K, 0% used [0x00000000fc700000,0x00000000fc700000,0x00000000fd380000)
 ParOldGen       total 125952K, used 88620K [0x00000000e0000000, 0x00000000e7b00000, 0x00000000f5580000)
  object space 125952K, 70% used [0x00000000e0000000,0x00000000e568b368,0x00000000e7b00000)
 Metaspace       used 104228K, capacity 111320K, committed 111616K, reserved 1146880K
  class space    used 11923K, capacity 14073K, committed 14080K, reserved 1048576K
}
Event: 8781.334 GC heap before
{Heap before GC invocations=363 (full 5):
 PSYoungGen      total 115200K, used 112304K [0x00000000f5580000, 0x00000000fd380000, 0x0000000100000000)
  eden space 102912K, 100% used [0x00000000f5580000,0x00000000fba00000,0x00000000fba00000)
  from space 12288K, 76% used [0x00000000fba00000,0x00000000fc32c2e0,0x00000000fc600000)
  to   space 12800K, 0% used [0x00000000fc700000,0x00000000fc700000,0x00000000fd380000)
 ParOldGen       total 125952K, used 88620K [0x00000000e0000000, 0x00000000e7b00000, 0x00000000f5580000)
  object space 125952K, 70% used [0x00000000e0000000,0x00000000e568b368,0x00000000e7b00000)
 Metaspace       used 104246K, capacity 111320K, committed 111616K, reserved 1146880K
  class space    used 11923K, capacity 14073K, committed 14080K, reserved 1048576K
Event: 8781.344 GC heap after
Heap after GC invocations=363 (full 5):
 PSYoungGen      total 116224K, used 9234K [0x00000000f5580000, 0x00000000fd380000, 0x0000000100000000)
  eden space 103424K, 0% used [0x00000000f5580000,0x00000000f5580000,0x00000000fba80000)
  from space 12800K, 72% used [0x00000000fc700000,0x00000000fd004ad8,0x00000000fd380000)
  to   space 12800K, 0% used [0x00000000fba80000,0x00000000fba80000,0x00000000fc700000)
 ParOldGen       total 125952K, used 88652K [0x00000000e0000000, 0x00000000e7b00000, 0x00000000f5580000)
  object space 125952K, 70% used [0x00000000e0000000,0x00000000e5693368,0x00000000e7b00000)
 Metaspace       used 104246K, capacity 111320K, committed 111616K, reserved 1146880K
  class space    used 11923K, capacity 14073K, committed 14080K, reserved 1048576K
}
Event: 8797.688 GC heap before
{Heap before GC invocations=364 (full 5):
 PSYoungGen      total 116224K, used 112658K [0x00000000f5580000, 0x00000000fd380000, 0x0000000100000000)
  eden space 103424K, 100% used [0x00000000f5580000,0x00000000fba80000,0x00000000fba80000)
  from space 12800K, 72% used [0x00000000fc700000,0x00000000fd004ad8,0x00000000fd380000)
  to   space 12800K, 0% used [0x00000000fba80000,0x00000000fba80000,0x00000000fc700000)
 ParOldGen       total 125952K, used 88652K [0x00000000e0000000, 0x00000000e7b00000, 0x00000000f5580000)
  object space 125952K, 70% used [0x00000000e0000000,0x00000000e5693368,0x00000000e7b00000)
 Metaspace       used 104283K, capacity 111384K, committed 111616K, reserved 1146880K
  class space    used 11923K, capacity 14073K, committed 14080K, reserved 1048576K
Event: 8797.699 GC heap after
Heap after GC invocations=364 (full 5):
 PSYoungGen      total 116224K, used 10083K [0x00000000f5580000, 0x00000000fd500000, 0x0000000100000000)
  eden space 103424K, 0% used [0x00000000f5580000,0x00000000f5580000,0x00000000fba80000)
  from space 12800K, 78% used [0x00000000fba80000,0x00000000fc458e20,0x00000000fc700000)
  to   space 13312K, 0% used [0x00000000fc800000,0x00000000fc800000,0x00000000fd500000)
 ParOldGen       total 125952K, used 88724K [0x00000000e0000000, 0x00000000e7b00000, 0x00000000f5580000)
  object space 125952K, 70% used [0x00000000e0000000,0x00000000e56a5368,0x00000000e7b00000)
 Metaspace       used 104283K, capacity 111384K, committed 111616K, reserved 1146880K
  class space    used 11923K, capacity 14073K, committed 14080K, reserved 1048576K
}
Event: 8935.801 GC heap before
{Heap before GC invocations=365 (full 5):
 PSYoungGen      total 116224K, used 113507K [0x00000000f5580000, 0x00000000fd500000, 0x0000000100000000)
  eden space 103424K, 100% used [0x00000000f5580000,0x00000000fba80000,0x00000000fba80000)
  from space 12800K, 78% used [0x00000000fba80000,0x00000000fc458e20,0x00000000fc700000)
  to   space 13312K, 0% used [0x00000000fc800000,0x00000000fc800000,0x00000000fd500000)
 ParOldGen       total 125952K, used 88724K [0x00000000e0000000, 0x00000000e7b00000, 0x00000000f5580000)
  object space 125952K, 70% used [0x00000000e0000000,0x00000000e56a5368,0x00000000e7b00000)
 Metaspace       used 104346K, capacity 111576K, committed 111872K, reserved 1146880K
  class space    used 11926K, capacity 14073K, committed 14080K, reserved 1048576K
Event: 8935.813 GC heap after
Heap after GC invocations=365 (full 5):
 PSYoungGen      total 116736K, used 10185K [0x00000000f5580000, 0x00000000fd600000, 0x0000000100000000)
  eden space 103424K, 0% used [0x00000000f5580000,0x00000000f5580000,0x00000000fba80000)
  from space 13312K, 76% used [0x00000000fc800000,0x00000000fd1f27e8,0x00000000fd500000)
  to   space 13824K, 0% used [0x00000000fba80000,0x00000000fba80000,0x00000000fc800000)
 ParOldGen       total 125952K, used 88748K [0x00000000e0000000, 0x00000000e7b00000, 0x00000000f5580000)
  object space 125952K, 70% used [0x00000000e0000000,0x00000000e56ab368,0x00000000e7b00000)
 Metaspace       used 104346K, capacity 111576K, committed 111872K, reserved 1146880K
  class space    used 11926K, capacity 14073K, committed 14080K, reserved 1048576K
}
Event: 9130.596 GC heap before
{Heap before GC invocations=366 (full 5):
 PSYoungGen      total 116736K, used 113609K [0x00000000f5580000, 0x00000000fd600000, 0x0000000100000000)
  eden space 103424K, 100% used [0x00000000f5580000,0x00000000fba80000,0x00000000fba80000)
  from space 13312K, 76% used [0x00000000fc800000,0x00000000fd1f27e8,0x00000000fd500000)
  to   space 13824K, 0% used [0x00000000fba80000,0x00000000fba80000,0x00000000fc800000)
 ParOldGen       total 125952K, used 88748K [0x00000000e0000000, 0x00000000e7b00000, 0x00000000f5580000)
  object space 125952K, 70% used [0x00000000e0000000,0x00000000e56ab368,0x00000000e7b00000)
 Metaspace       used 104398K, capacity 111588K, committed 111872K, reserved 1146880K
  class space    used 11932K, capacity 14075K, committed 14080K, reserved 1048576K
Event: 9130.609 GC heap after
Heap after GC invocations=366 (full 5):
 PSYoungGen      total 117248K, used 9657K [0x00000000f5580000, 0x00000000fd600000, 0x0000000100000000)
  eden space 103424K, 0% used [0x00000000f5580000,0x00000000f5580000,0x00000000fba80000)
  from space 13824K, 69% used [0x00000000fba80000,0x00000000fc3ee558,0x00000000fc800000)
  to   space 13824K, 0% used [0x00000000fc880000,0x00000000fc880000,0x00000000fd600000)
 ParOldGen       total 125952K, used 89026K [0x00000000e0000000, 0x00000000e7b00000, 0x00000000f5580000)
  object space 125952K, 70% used [0x00000000e0000000,0x00000000e56f0a38,0x00000000e7b00000)
 Metaspace       used 104398K, capacity 111588K, committed 111872K, reserved 1146880K
  class space    used 11932K, capacity 14075K, committed 14080K, reserved 1048576K
}

