# JRE version: Java(TM) SE Runtime Environment (8.0_45-b15) (build 1.8.0_45-b15)
# Java VM: Java HotSpot(TM) 64-Bit Server VM (25.45-b02 mixed mode windows-amd64 compressed oops)
Heap:
 PSYoungGen      total 121344K, used 110774K [0x00000000f5580000, 0x00000000fdf00000, 0x0000000100000000)
  eden space 102400K, 95% used [0x00000000f5580000,0x00000000fb5247e8,0x00000000fb980000)
  from space 18944K, 67% used [0x00000000fcc00000,0x00000000fd889158,0x00000000fde80000)
  to   space 18944K, 0% used [0x00000000fb980000,0x00000000fb980000,0x00000000fcc00000)
 ParOldGen       total 98816K, used 58542K [0x00000000e0000000, 0x00000000e6080000, 0x00000000f5580000)
  object space 98816K, 59% used [0x00000000e0000000,0x00000000e392bbf8,0x00000000e6080000)
 Metaspace       used 100045K, capacity 106850K, committed 107136K, reserved 1142784K
  class space    used 11600K, capacity 13619K, committed 13696K, reserved 1048576K
GC Heap History (10 events):
Event: 4400.990 GC heap before
{Heap before GC invocations=144 (full 10):
 PSYoungGen      total 116736K, used 114776K [0x00000000f5580000, 0x00000000fd880000, 0x0000000100000000)
  eden space 102400K, 100% used [0x00000000f5580000,0x00000000fb980000,0x00000000fb980000)
  from space 14336K, 86% used [0x00000000fb980000,0x00000000fc596368,0x00000000fc780000)
  to   space 15360K, 0% used [0x00000000fc980000,0x00000000fc980000,0x00000000fd880000)
 ParOldGen       total 98816K, used 58502K [0x00000000e0000000, 0x00000000e6080000, 0x00000000f5580000)
  object space 98816K, 59% used [0x00000000e0000000,0x00000000e3921bf8,0x00000000e6080000)
 Metaspace       used 99104K, capacity 106000K, committed 106240K, reserved 1142784K
  class space    used 11536K, capacity 13552K, committed 13568K, reserved 1048576K
Event: 4401.007 GC heap after
Heap after GC invocations=144 (full 10):
 PSYoungGen      total 117760K, used 12483K [0x00000000f5580000, 0x00000000fda00000, 0x0000000100000000)
  eden space 102400K, 0% used [0x00000000f5580000,0x00000000f5580000,0x00000000fb980000)
  from space 15360K, 81% used [0x00000000fc980000,0x00000000fd5b0fa8,0x00000000fd880000)
  to   space 16384K, 0% used [0x00000000fb980000,0x00000000fb980000,0x00000000fc980000)
 ParOldGen       total 98816K, used 58510K [0x00000000e0000000, 0x00000000e6080000, 0x00000000f5580000)
  object space 98816K, 59% used [0x00000000e0000000,0x00000000e3923bf8,0x00000000e6080000)
 Metaspace       used 99104K, capacity 106000K, committed 106240K, reserved 1142784K
  class space    used 11536K, capacity 13552K, committed 13568K, reserved 1048576K
}
Event: 4475.576 GC heap before
{Heap before GC invocations=145 (full 10):
 PSYoungGen      total 117760K, used 114883K [0x00000000f5580000, 0x00000000fda00000, 0x0000000100000000)
  eden space 102400K, 100% used [0x00000000f5580000,0x00000000fb980000,0x00000000fb980000)
  from space 15360K, 81% used [0x00000000fc980000,0x00000000fd5b0fa8,0x00000000fd880000)
  to   space 16384K, 0% used [0x00000000fb980000,0x00000000fb980000,0x00000000fc980000)
 ParOldGen       total 98816K, used 58510K [0x00000000e0000000, 0x00000000e6080000, 0x00000000f5580000)
  object space 98816K, 59% used [0x00000000e0000000,0x00000000e3923bf8,0x00000000e6080000)
 Metaspace       used 99239K, capacity 106128K, committed 106496K, reserved 1142784K
  class space    used 11536K, capacity 13552K, committed 13568K, reserved 1048576K
Event: 4475.593 GC heap after
Heap after GC invocations=145 (full 10):
 PSYoungGen      total 118784K, used 12734K [0x00000000f5580000, 0x00000000fdc00000, 0x0000000100000000)
  eden space 102400K, 0% used [0x00000000f5580000,0x00000000f5580000,0x00000000fb980000)
  from space 16384K, 77% used [0x00000000fb980000,0x00000000fc5efa70,0x00000000fc980000)
  to   space 17408K, 0% used [0x00000000fcb00000,0x00000000fcb00000,0x00000000fdc00000)
 ParOldGen       total 98816K, used 58518K [0x00000000e0000000, 0x00000000e6080000, 0x00000000f5580000)
  object space 98816K, 59% used [0x00000000e0000000,0x00000000e3925bf8,0x00000000e6080000)
 Metaspace       used 99239K, capacity 106128K, committed 106496K, reserved 1142784K
  class space    used 11536K, capacity 13552K, committed 13568K, reserved 1048576K
}
Event: 4518.723 GC heap before
{Heap before GC invocations=146 (full 10):
 PSYoungGen      total 118784K, used 115134K [0x00000000f5580000, 0x00000000fdc00000, 0x0000000100000000)
  eden space 102400K, 100% used [0x00000000f5580000,0x00000000fb980000,0x00000000fb980000)
  from space 16384K, 77% used [0x00000000fb980000,0x00000000fc5efa70,0x00000000fc980000)
  to   space 17408K, 0% used [0x00000000fcb00000,0x00000000fcb00000,0x00000000fdc00000)
 ParOldGen       total 98816K, used 58518K [0x00000000e0000000, 0x00000000e6080000, 0x00000000f5580000)
  object space 98816K, 59% used [0x00000000e0000000,0x00000000e3925bf8,0x00000000e6080000)
 Metaspace       used 99328K, capacity 106256K, committed 106496K, reserved 1142784K
  class space    used 11536K, capacity 13552K, committed 13568K, reserved 1048576K
Event: 4518.739 GC heap after
Heap after GC invocations=146 (full 10):
 PSYoungGen      total 119296K, used 13118K [0x00000000f5580000, 0x00000000fde00000, 0x0000000100000000)
  eden space 101888K, 0% used [0x00000000f5580000,0x00000000f5580000,0x00000000fb900000)
  from space 17408K, 75% used [0x00000000fcb00000,0x00000000fd7cfa50,0x00000000fdc00000)
  to   space 18432K, 0% used [0x00000000fb900000,0x00000000fb900000,0x00000000fcb00000)
 ParOldGen       total 98816K, used 58526K [0x00000000e0000000, 0x00000000e6080000, 0x00000000f5580000)
  object space 98816K, 59% used [0x00000000e0000000,0x00000000e3927bf8,0x00000000e6080000)
 Metaspace       used 99328K, capacity 106256K, committed 106496K, reserved 1142784K
  class space    used 11536K, capacity 13552K, committed 13568K, reserved 1048576K
}
Event: 4565.903 GC heap before
{Heap before GC invocations=147 (full 10):
 PSYoungGen      total 119296K, used 115006K [0x00000000f5580000, 0x00000000fde00000, 0x0000000100000000)
  eden space 101888K, 100% used [0x00000000f5580000,0x00000000fb900000,0x00000000fb900000)
  from space 17408K, 75% used [0x00000000fcb00000,0x00000000fd7cfa50,0x00000000fdc00000)
  to   space 18432K, 0% used [0x00000000fb900000,0x00000000fb900000,0x00000000fcb00000)
 ParOldGen       total 98816K, used 58526K [0x00000000e0000000, 0x00000000e6080000, 0x00000000f5580000)
  object space 98816K, 59% used [0x00000000e0000000,0x00000000e3927bf8,0x00000000e6080000)
 Metaspace       used 99423K, capacity 106416K, committed 106880K, reserved 1142784K
  class space    used 11540K, capacity 13584K, committed 13696K, reserved 1048576K
Event: 4565.919 GC heap after
Heap after GC invocations=147 (full 10):
 PSYoungGen      total 120320K, used 13044K [0x00000000f5580000, 0x00000000fde80000, 0x0000000100000000)
  eden space 101888K, 0% used [0x00000000f5580000,0x00000000f5580000,0x00000000fb900000)
  from space 18432K, 70% used [0x00000000fb900000,0x00000000fc5bd148,0x00000000fcb00000)
  to   space 18944K, 0% used [0x00000000fcc00000,0x00000000fcc00000,0x00000000fde80000)
 ParOldGen       total 98816K, used 58534K [0x00000000e0000000, 0x00000000e6080000, 0x00000000f5580000)
  object space 98816K, 59% used [0x00000000e0000000,0x00000000e3929bf8,0x00000000e6080000)
 Metaspace       used 99423K, capacity 106416K, committed 106880K, reserved 1142784K
  class space    used 11540K, capacity 13584K, committed 13696K, reserved 1048576K
}
Event: 4583.176 GC heap before
{Heap before GC invocations=148 (full 10):
 PSYoungGen      total 120320K, used 114932K [0x00000000f5580000, 0x00000000fde80000, 0x0000000100000000)
  eden space 101888K, 100% used [0x00000000f5580000,0x00000000fb900000,0x00000000fb900000)
  from space 18432K, 70% used [0x00000000fb900000,0x00000000fc5bd148,0x00000000fcb00000)
  to   space 18944K, 0% used [0x00000000fcc00000,0x00000000fcc00000,0x00000000fde80000)
 ParOldGen       total 98816K, used 58534K [0x00000000e0000000, 0x00000000e6080000, 0x00000000f5580000)
  object space 98816K, 59% used [0x00000000e0000000,0x00000000e3929bf8,0x00000000e6080000)
 Metaspace       used 99499K, capacity 106544K, committed 106880K, reserved 1142784K
  class space    used 11542K, capacity 13584K, committed 13696K, reserved 1048576K
Event: 4583.191 GC heap after
Heap after GC invocations=148 (full 10):
 PSYoungGen      total 121344K, used 12836K [0x00000000f5580000, 0x00000000fdf00000, 0x0000000100000000)
  eden space 102400K, 0% used [0x00000000f5580000,0x00000000f5580000,0x00000000fb980000)
  from space 18944K, 67% used [0x00000000fcc00000,0x00000000fd889158,0x00000000fde80000)
  to   space 18944K, 0% used [0x00000000fb980000,0x00000000fb980000,0x00000000fcc00000)
 ParOldGen       total 98816K, used 58542K [0x00000000e0000000, 0x00000000e6080000, 0x00000000f5580000)
  object space 98816K, 59% used [0x00000000e0000000,0x00000000e392bbf8,0x00000000e6080000)
 Metaspace       used 99499K, capacity 106544K, committed 106880K, reserved 1142784K
  class space    used 11542K, capacity 13584K, committed 13696K, reserved 1048576K
}

