# JRE version: Java(TM) SE Runtime Environment (8.0_45-b15) (build 1.8.0_45-b15)
# Java VM: Java HotSpot(TM) 64-Bit Server VM (25.45-b02 mixed mode windows-amd64 compressed oops)
Heap:
 PSYoungGen      total 48128K, used 26994K [0x00000000f5580000, 0x00000000f9100000, 0x0000000100000000)
  eden space 39424K, 58% used [0x00000000f5580000,0x00000000f6c2cd30,0x00000000f7c00000)
  from space 8704K, 43% used [0x00000000f8500000,0x00000000f88afb70,0x00000000f8d80000)
  to   space 9216K, 0% used [0x00000000f7c00000,0x00000000f7c00000,0x00000000f8500000)
 ParOldGen       total 105472K, used 93631K [0x00000000e0000000, 0x00000000e6700000, 0x00000000f5580000)
  object space 105472K, 88% used [0x00000000e0000000,0x00000000e5b6fd88,0x00000000e6700000)
 Metaspace       used 108128K, capacity 115444K, committed 115840K, reserved 1150976K
  class space    used 12477K, capacity 14627K, committed 14720K, reserved 1048576K
GC Heap History (10 events):
Event: 7239.444 GC heap before
{Heap before GC invocations=349 (full 5):
 PSYoungGen      total 49664K, used 49304K [0x00000000f5580000, 0x00000000f9080000, 0x0000000100000000)
  eden space 41984K, 100% used [0x00000000f5580000,0x00000000f7e80000,0x00000000f7e80000)
  from space 7680K, 95% used [0x00000000f7f00000,0x00000000f8626288,0x00000000f8680000)
  to   space 9216K, 0% used [0x00000000f8780000,0x00000000f8780000,0x00000000f9080000)
 ParOldGen       total 105472K, used 93219K [0x00000000e0000000, 0x00000000e6700000, 0x00000000f5580000)
  object space 105472K, 88% used [0x00000000e0000000,0x00000000e5b08cf8,0x00000000e6700000)
 Metaspace       used 107575K, capacity 115112K, committed 115456K, reserved 1150976K
  class space    used 12420K, capacity 14561K, committed 14592K, reserved 1048576K
Event: 7239.454 GC heap after
Heap after GC invocations=349 (full 5):
 PSYoungGen      total 50176K, used 6430K [0x00000000f5580000, 0x00000000f9000000, 0x0000000100000000)
  eden space 41472K, 0% used [0x00000000f5580000,0x00000000f5580000,0x00000000f7e00000)
  from space 8704K, 73% used [0x00000000f8780000,0x00000000f8dc7b50,0x00000000f9000000)
  to   space 9216K, 0% used [0x00000000f7e00000,0x00000000f7e00000,0x00000000f8700000)
 ParOldGen       total 105472K, used 93291K [0x00000000e0000000, 0x00000000e6700000, 0x00000000f5580000)
  object space 105472K, 88% used [0x00000000e0000000,0x00000000e5b1acf8,0x00000000e6700000)
 Metaspace       used 107575K, capacity 115112K, committed 115456K, reserved 1150976K
  class space    used 12420K, capacity 14561K, committed 14592K, reserved 1048576K
}
Event: 7259.362 GC heap before
{Heap before GC invocations=350 (full 5):
 PSYoungGen      total 50176K, used 47902K [0x00000000f5580000, 0x00000000f9000000, 0x0000000100000000)
  eden space 41472K, 100% used [0x00000000f5580000,0x00000000f7e00000,0x00000000f7e00000)
  from space 8704K, 73% used [0x00000000f8780000,0x00000000f8dc7b50,0x00000000f9000000)
  to   space 9216K, 0% used [0x00000000f7e00000,0x00000000f7e00000,0x00000000f8700000)
 ParOldGen       total 105472K, used 93291K [0x00000000e0000000, 0x00000000e6700000, 0x00000000f5580000)
  object space 105472K, 88% used [0x00000000e0000000,0x00000000e5b1acf8,0x00000000e6700000)
 Metaspace       used 107581K, capacity 115112K, committed 115456K, reserved 1150976K
  class space    used 12420K, capacity 14561K, committed 14592K, reserved 1048576K
Event: 7259.370 GC heap after
Heap after GC invocations=350 (full 5):
 PSYoungGen      total 47616K, used 6516K [0x00000000f5580000, 0x00000000f8f80000, 0x0000000100000000)
  eden space 40960K, 0% used [0x00000000f5580000,0x00000000f5580000,0x00000000f7d80000)
  from space 6656K, 97% used [0x00000000f7e00000,0x00000000f845d010,0x00000000f8480000)
  to   space 9216K, 0% used [0x00000000f8680000,0x00000000f8680000,0x00000000f8f80000)
 ParOldGen       total 105472K, used 93511K [0x00000000e0000000, 0x00000000e6700000, 0x00000000f5580000)
  object space 105472K, 88% used [0x00000000e0000000,0x00000000e5b51d78,0x00000000e6700000)
 Metaspace       used 107581K, capacity 115112K, committed 115456K, reserved 1150976K
  class space    used 12420K, capacity 14561K, committed 14592K, reserved 1048576K
}
Event: 7283.063 GC heap before
{Heap before GC invocations=351 (full 5):
 PSYoungGen      total 47616K, used 47476K [0x00000000f5580000, 0x00000000f8f80000, 0x0000000100000000)
  eden space 40960K, 100% used [0x00000000f5580000,0x00000000f7d80000,0x00000000f7d80000)
  from space 6656K, 97% used [0x00000000f7e00000,0x00000000f845d010,0x00000000f8480000)
  to   space 9216K, 0% used [0x00000000f8680000,0x00000000f8680000,0x00000000f8f80000)
 ParOldGen       total 105472K, used 93511K [0x00000000e0000000, 0x00000000e6700000, 0x00000000f5580000)
  object space 105472K, 88% used [0x00000000e0000000,0x00000000e5b51d78,0x00000000e6700000)
 Metaspace       used 107589K, capacity 115112K, committed 115456K, reserved 1150976K
  class space    used 12420K, capacity 14561K, committed 14592K, reserved 1048576K
Event: 7283.072 GC heap after
Heap after GC invocations=351 (full 5):
 PSYoungGen      total 48128K, used 6334K [0x00000000f5580000, 0x00000000f8e00000, 0x0000000100000000)
  eden space 40448K, 0% used [0x00000000f5580000,0x00000000f5580000,0x00000000f7d00000)
  from space 7680K, 82% used [0x00000000f8680000,0x00000000f8cafb50,0x00000000f8e00000)
  to   space 8704K, 0% used [0x00000000f7d00000,0x00000000f7d00000,0x00000000f8580000)
 ParOldGen       total 105472K, used 93559K [0x00000000e0000000, 0x00000000e6700000, 0x00000000f5580000)
  object space 105472K, 88% used [0x00000000e0000000,0x00000000e5b5dd88,0x00000000e6700000)
 Metaspace       used 107589K, capacity 115112K, committed 115456K, reserved 1150976K
  class space    used 12420K, capacity 14561K, committed 14592K, reserved 1048576K
}
Event: 7332.509 GC heap before
{Heap before GC invocations=352 (full 5):
 PSYoungGen      total 48128K, used 46782K [0x00000000f5580000, 0x00000000f8e00000, 0x0000000100000000)
  eden space 40448K, 100% used [0x00000000f5580000,0x00000000f7d00000,0x00000000f7d00000)
  from space 7680K, 82% used [0x00000000f8680000,0x00000000f8cafb50,0x00000000f8e00000)
  to   space 8704K, 0% used [0x00000000f7d00000,0x00000000f7d00000,0x00000000f8580000)
 ParOldGen       total 105472K, used 93559K [0x00000000e0000000, 0x00000000e6700000, 0x00000000f5580000)
  object space 105472K, 88% used [0x00000000e0000000,0x00000000e5b5dd88,0x00000000e6700000)
 Metaspace       used 107654K, capacity 115112K, committed 115456K, reserved 1150976K
  class space    used 12429K, capacity 14561K, committed 14592K, reserved 1048576K
Event: 7332.517 GC heap after
Heap after GC invocations=352 (full 5):
 PSYoungGen      total 46080K, used 5678K [0x00000000f5580000, 0x00000000f8d80000, 0x0000000100000000)
  eden space 39936K, 0% used [0x00000000f5580000,0x00000000f5580000,0x00000000f7c80000)
  from space 6144K, 92% used [0x00000000f7d00000,0x00000000f828bb60,0x00000000f8300000)
  to   space 8704K, 0% used [0x00000000f8500000,0x00000000f8500000,0x00000000f8d80000)
 ParOldGen       total 105472K, used 93583K [0x00000000e0000000, 0x00000000e6700000, 0x00000000f5580000)
  object space 105472K, 88% used [0x00000000e0000000,0x00000000e5b63d88,0x00000000e6700000)
 Metaspace       used 107654K, capacity 115112K, committed 115456K, reserved 1150976K
  class space    used 12429K, capacity 14561K, committed 14592K, reserved 1048576K
}
Event: 7333.068 GC heap before
{Heap before GC invocations=353 (full 5):
 PSYoungGen      total 46080K, used 45614K [0x00000000f5580000, 0x00000000f8d80000, 0x0000000100000000)
  eden space 39936K, 100% used [0x00000000f5580000,0x00000000f7c80000,0x00000000f7c80000)
  from space 6144K, 92% used [0x00000000f7d00000,0x00000000f828bb60,0x00000000f8300000)
  to   space 8704K, 0% used [0x00000000f8500000,0x00000000f8500000,0x00000000f8d80000)
 ParOldGen       total 105472K, used 93583K [0x00000000e0000000, 0x00000000e6700000, 0x00000000f5580000)
  object space 105472K, 88% used [0x00000000e0000000,0x00000000e5b63d88,0x00000000e6700000)
 Metaspace       used 107700K, capacity 115124K, committed 115456K, reserved 1150976K
  class space    used 12432K, capacity 14563K, committed 14592K, reserved 1048576K
Event: 7333.077 GC heap after
Heap after GC invocations=353 (full 5):
 PSYoungGen      total 48128K, used 3774K [0x00000000f5580000, 0x00000000f9100000, 0x0000000100000000)
  eden space 39424K, 0% used [0x00000000f5580000,0x00000000f5580000,0x00000000f7c00000)
  from space 8704K, 43% used [0x00000000f8500000,0x00000000f88afb70,0x00000000f8d80000)
  to   space 9216K, 0% used [0x00000000f7c00000,0x00000000f7c00000,0x00000000f8500000)
 ParOldGen       total 105472K, used 93631K [0x00000000e0000000, 0x00000000e6700000, 0x00000000f5580000)
  object space 105472K, 88% used [0x00000000e0000000,0x00000000e5b6fd88,0x00000000e6700000)
 Metaspace       used 107700K, capacity 115124K, committed 115456K, reserved 1150976K
  class space    used 12432K, capacity 14563K, committed 14592K, reserved 1048576K
}

