# JRE version: Java(TM) SE Runtime Environment (8.0_45-b15) (build 1.8.0_45-b15)
# Java VM: Java HotSpot(TM) 64-Bit Server VM (25.45-b02 mixed mode windows-amd64 compressed oops)
Heap:
 PSYoungGen      total 62464K, used 7523K [0x00000000f5580000, 0x00000000f9e00000, 0x0000000100000000)
  eden space 52224K, 3% used [0x00000000f5580000,0x00000000f5717b40,0x00000000f8880000)
  from space 10240K, 57% used [0x00000000f8880000,0x00000000f8e411a0,0x00000000f9280000)
  to   space 10240K, 0% used [0x00000000f9400000,0x00000000f9400000,0x00000000f9e00000)
 ParOldGen       total 111616K, used 64534K [0x00000000e0000000, 0x00000000e6d00000, 0x00000000f5580000)
  object space 111616K, 57% used [0x00000000e0000000,0x00000000e3f05bd8,0x00000000e6d00000)
 Metaspace       used 100916K, capacity 108132K, committed 108544K, reserved 1144832K
  class space    used 11773K, capacity 14023K, committed 14080K, reserved 1048576K
GC Heap History (10 events):
Event: 3925.538 GC heap before
{Heap before GC invocations=159 (full 20):
 PSYoungGen      total 58880K, used 56480K [0x00000000f5580000, 0x00000000f9a00000, 0x0000000100000000)
  eden space 49664K, 100% used [0x00000000f5580000,0x00000000f8600000,0x00000000f8600000)
  from space 9216K, 73% used [0x00000000f9100000,0x00000000f97a83a8,0x00000000f9a00000)
  to   space 10240K, 0% used [0x00000000f8600000,0x00000000f8600000,0x00000000f9000000)
 ParOldGen       total 111616K, used 63902K [0x00000000e0000000, 0x00000000e6d00000, 0x00000000f5580000)
  object space 111616K, 57% used [0x00000000e0000000,0x00000000e3e67b68,0x00000000e6d00000)
 Metaspace       used 100279K, capacity 107434K, committed 107648K, reserved 1142784K
  class space    used 11712K, capacity 13921K, committed 13952K, reserved 1048576K
Event: 3925.547 GC heap after
Heap after GC invocations=159 (full 20):
 PSYoungGen      total 59904K, used 7442K [0x00000000f5580000, 0x00000000f9b00000, 0x0000000100000000)
  eden space 49664K, 0% used [0x00000000f5580000,0x00000000f5580000,0x00000000f8600000)
  from space 10240K, 72% used [0x00000000f8600000,0x00000000f8d449e0,0x00000000f9000000)
  to   space 10240K, 0% used [0x00000000f9100000,0x00000000f9100000,0x00000000f9b00000)
 ParOldGen       total 111616K, used 63942K [0x00000000e0000000, 0x00000000e6d00000, 0x00000000f5580000)
  object space 111616K, 57% used [0x00000000e0000000,0x00000000e3e71b68,0x00000000e6d00000)
 Metaspace       used 100279K, capacity 107434K, committed 107648K, reserved 1142784K
  class space    used 11712K, capacity 13921K, committed 13952K, reserved 1048576K
}
Event: 3939.869 GC heap before
{Heap before GC invocations=160 (full 20):
 PSYoungGen      total 59904K, used 57106K [0x00000000f5580000, 0x00000000f9b00000, 0x0000000100000000)
  eden space 49664K, 100% used [0x00000000f5580000,0x00000000f8600000,0x00000000f8600000)
  from space 10240K, 72% used [0x00000000f8600000,0x00000000f8d449e0,0x00000000f9000000)
  to   space 10240K, 0% used [0x00000000f9100000,0x00000000f9100000,0x00000000f9b00000)
 ParOldGen       total 111616K, used 63942K [0x00000000e0000000, 0x00000000e6d00000, 0x00000000f5580000)
  object space 111616K, 57% used [0x00000000e0000000,0x00000000e3e71b68,0x00000000e6d00000)
 Metaspace       used 100330K, capacity 107568K, committed 107904K, reserved 1142784K
  class space    used 11714K, capacity 13922K, committed 13952K, reserved 1048576K
Event: 3939.878 GC heap after
Heap after GC invocations=160 (full 20):
 PSYoungGen      total 60928K, used 7997K [0x00000000f5580000, 0x00000000f9b00000, 0x0000000100000000)
  eden space 50688K, 0% used [0x00000000f5580000,0x00000000f5580000,0x00000000f8700000)
  from space 10240K, 78% used [0x00000000f9100000,0x00000000f98cf508,0x00000000f9b00000)
  to   space 10240K, 0% used [0x00000000f8700000,0x00000000f8700000,0x00000000f9100000)
 ParOldGen       total 111616K, used 63974K [0x00000000e0000000, 0x00000000e6d00000, 0x00000000f5580000)
  object space 111616K, 57% used [0x00000000e0000000,0x00000000e3e79b68,0x00000000e6d00000)
 Metaspace       used 100330K, capacity 107568K, committed 107904K, reserved 1142784K
  class space    used 11714K, capacity 13922K, committed 13952K, reserved 1048576K
}
Event: 3945.051 GC heap before
{Heap before GC invocations=161 (full 20):
 PSYoungGen      total 60928K, used 58685K [0x00000000f5580000, 0x00000000f9b00000, 0x0000000100000000)
  eden space 50688K, 100% used [0x00000000f5580000,0x00000000f8700000,0x00000000f8700000)
  from space 10240K, 78% used [0x00000000f9100000,0x00000000f98cf508,0x00000000f9b00000)
  to   space 10240K, 0% used [0x00000000f8700000,0x00000000f8700000,0x00000000f9100000)
 ParOldGen       total 111616K, used 63974K [0x00000000e0000000, 0x00000000e6d00000, 0x00000000f5580000)
  object space 111616K, 57% used [0x00000000e0000000,0x00000000e3e79b68,0x00000000e6d00000)
 Metaspace       used 100338K, capacity 107568K, committed 107904K, reserved 1142784K
  class space    used 11714K, capacity 13922K, committed 13952K, reserved 1048576K
Event: 3945.062 GC heap after
Heap after GC invocations=161 (full 20):
 PSYoungGen      total 60928K, used 7757K [0x00000000f5580000, 0x00000000f9c80000, 0x0000000100000000)
  eden space 50688K, 0% used [0x00000000f5580000,0x00000000f5580000,0x00000000f8700000)
  from space 10240K, 75% used [0x00000000f8700000,0x00000000f8e934f8,0x00000000f9100000)
  to   space 10240K, 0% used [0x00000000f9280000,0x00000000f9280000,0x00000000f9c80000)
 ParOldGen       total 111616K, used 64214K [0x00000000e0000000, 0x00000000e6d00000, 0x00000000f5580000)
  object space 111616K, 57% used [0x00000000e0000000,0x00000000e3eb5b68,0x00000000e6d00000)
 Metaspace       used 100338K, capacity 107568K, committed 107904K, reserved 1142784K
  class space    used 11714K, capacity 13922K, committed 13952K, reserved 1048576K
}
Event: 3954.576 GC heap before
{Heap before GC invocations=162 (full 20):
 PSYoungGen      total 60928K, used 58445K [0x00000000f5580000, 0x00000000f9c80000, 0x0000000100000000)
  eden space 50688K, 100% used [0x00000000f5580000,0x00000000f8700000,0x00000000f8700000)
  from space 10240K, 75% used [0x00000000f8700000,0x00000000f8e934f8,0x00000000f9100000)
  to   space 10240K, 0% used [0x00000000f9280000,0x00000000f9280000,0x00000000f9c80000)
 ParOldGen       total 111616K, used 64214K [0x00000000e0000000, 0x00000000e6d00000, 0x00000000f5580000)
  object space 111616K, 57% used [0x00000000e0000000,0x00000000e3eb5b68,0x00000000e6d00000)
 Metaspace       used 100372K, capacity 107632K, committed 107904K, reserved 1142784K
  class space    used 11718K, capacity 13922K, committed 13952K, reserved 1048576K
Event: 3954.588 GC heap after
Heap after GC invocations=162 (full 20):
 PSYoungGen      total 62464K, used 7878K [0x00000000f5580000, 0x00000000f9c80000, 0x0000000100000000)
  eden space 52224K, 0% used [0x00000000f5580000,0x00000000f5580000,0x00000000f8880000)
  from space 10240K, 76% used [0x00000000f9280000,0x00000000f9a31a28,0x00000000f9c80000)
  to   space 10240K, 0% used [0x00000000f8880000,0x00000000f8880000,0x00000000f9280000)
 ParOldGen       total 111616K, used 64246K [0x00000000e0000000, 0x00000000e6d00000, 0x00000000f5580000)
  object space 111616K, 57% used [0x00000000e0000000,0x00000000e3ebdb68,0x00000000e6d00000)
 Metaspace       used 100372K, capacity 107632K, committed 107904K, reserved 1142784K
  class space    used 11718K, capacity 13922K, committed 13952K, reserved 1048576K
}
Event: 3957.809 GC heap before
{Heap before GC invocations=163 (full 20):
 PSYoungGen      total 62464K, used 60102K [0x00000000f5580000, 0x00000000f9c80000, 0x0000000100000000)
  eden space 52224K, 100% used [0x00000000f5580000,0x00000000f8880000,0x00000000f8880000)
  from space 10240K, 76% used [0x00000000f9280000,0x00000000f9a31a28,0x00000000f9c80000)
  to   space 10240K, 0% used [0x00000000f8880000,0x00000000f8880000,0x00000000f9280000)
 ParOldGen       total 111616K, used 64246K [0x00000000e0000000, 0x00000000e6d00000, 0x00000000f5580000)
  object space 111616K, 57% used [0x00000000e0000000,0x00000000e3ebdb68,0x00000000e6d00000)
 Metaspace       used 100908K, capacity 108132K, committed 108544K, reserved 1144832K
  class space    used 11772K, capacity 14023K, committed 14080K, reserved 1048576K
Event: 3957.819 GC heap after
Heap after GC invocations=163 (full 20):
 PSYoungGen      total 62464K, used 5892K [0x00000000f5580000, 0x00000000f9e00000, 0x0000000100000000)
  eden space 52224K, 0% used [0x00000000f5580000,0x00000000f5580000,0x00000000f8880000)
  from space 10240K, 57% used [0x00000000f8880000,0x00000000f8e411a0,0x00000000f9280000)
  to   space 10240K, 0% used [0x00000000f9400000,0x00000000f9400000,0x00000000f9e00000)
 ParOldGen       total 111616K, used 64534K [0x00000000e0000000, 0x00000000e6d00000, 0x00000000f5580000)
  object space 111616K, 57% used [0x00000000e0000000,0x00000000e3f05bd8,0x00000000e6d00000)
 Metaspace       used 100908K, capacity 108132K, committed 108544K, reserved 1144832K
  class space    used 11772K, capacity 14023K, committed 14080K, reserved 1048576K
}

